# JRE version: OpenJDK Runtime Environment JBR-17.0.4.1+1-609.3-nomod (17.0.4.1+1) (build 17.0.4.1+1-b609.3)
# Java VM: OpenJDK 64-Bit Server VM JBR-17.0.4.1+1-609.3-nomod (17.0.4.1+1-b609.3, mixed mode, tiered, compressed oops, compressed class ptrs, g1 gc, linux-amd64)
GC Precious Log:
 CPUs: 8 total, 8 available
 Memory: 6807M
 Large Page Support: Disabled
 NUMA Support: Disabled
 Compressed Oops: Enabled (32-bit)
 Heap Region Size: 1M
 Heap Min Capacity: 8M
 Heap Initial Capacity: 108M
 Heap Max Capacity: 2G
 Pre-touch: Disabled
 Parallel Workers: 8
 Concurrent Workers: 2
 Concurrent Refinement Workers: 8
 Periodic GC: Disabled
Heap:
 garbage-first heap   total 334848K, used 127375K [0x0000000080000000, 0x0000000100000000)
  region size 1024K, 30 young (30720K), 5 survivors (5120K)
 Metaspace       used 140983K, committed 142272K, reserved 1179648K
  class space    used 17388K, committed 17984K, reserved 1048576K
GC Heap History (20 events):
Event: 3163.635 GC heap before
{Heap before GC invocations=136 (full 6):
 garbage-first heap   total 334848K, used 293448K [0x0000000080000000, 0x0000000100000000)
  region size 1024K, 191 young (195584K), 2 survivors (2048K)
 Metaspace       used 139381K, committed 140864K, reserved 1179648K
  class space    used 17199K, committed 17920K, reserved 1048576K
}
Event: 3163.643 GC heap after
{Heap after GC invocations=137 (full 6):
 garbage-first heap   total 334848K, used 100085K [0x0000000080000000, 0x0000000100000000)
  region size 1024K, 2 young (2048K), 2 survivors (2048K)
 Metaspace       used 139381K, committed 140864K, reserved 1179648K
  class space    used 17199K, committed 17920K, reserved 1048576K
}
Event: 3191.030 GC heap before
{Heap before GC invocations=137 (full 6):
 garbage-first heap   total 334848K, used 292597K [0x0000000080000000, 0x0000000100000000)
  region size 1024K, 191 young (195584K), 2 survivors (2048K)
 Metaspace       used 139412K, committed 140864K, reserved 1179648K
  class space    used 17199K, committed 17920K, reserved 1048576K
}
Event: 3191.037 GC heap after
{Heap after GC invocations=138 (full 6):
 garbage-first heap   total 334848K, used 99922K [0x0000000080000000, 0x0000000100000000)
  region size 1024K, 2 young (2048K), 2 survivors (2048K)
 Metaspace       used 139412K, committed 140864K, reserved 1179648K
  class space    used 17199K, committed 17920K, reserved 1048576K
}
Event: 3231.827 GC heap before
{Heap before GC invocations=139 (full 6):
 garbage-first heap   total 334848K, used 292434K [0x0000000080000000, 0x0000000100000000)
  region size 1024K, 191 young (195584K), 2 survivors (2048K)
 Metaspace       used 139419K, committed 140864K, reserved 1179648K
  class space    used 17199K, committed 17920K, reserved 1048576K
}
Event: 3231.834 GC heap after
{Heap after GC invocations=140 (full 6):
 garbage-first heap   total 334848K, used 99988K [0x0000000080000000, 0x0000000100000000)
  region size 1024K, 2 young (2048K), 2 survivors (2048K)
 Metaspace       used 139419K, committed 140864K, reserved 1179648K
  class space    used 17199K, committed 17920K, reserved 1048576K
}
Event: 3284.155 GC heap before
{Heap before GC invocations=140 (full 6):
 garbage-first heap   total 334848K, used 292500K [0x0000000080000000, 0x0000000100000000)
  region size 1024K, 191 young (195584K), 2 survivors (2048K)
 Metaspace       used 139422K, committed 140864K, reserved 1179648K
  class space    used 17199K, committed 17920K, reserved 1048576K
}
Event: 3284.160 GC heap after
{Heap after GC invocations=141 (full 6):
 garbage-first heap   total 334848K, used 99821K [0x0000000080000000, 0x0000000100000000)
  region size 1024K, 2 young (2048K), 2 survivors (2048K)
 Metaspace       used 139422K, committed 140864K, reserved 1179648K
  class space    used 17199K, committed 17920K, reserved 1048576K
}
Event: 3303.459 GC heap before
{Heap before GC invocations=142 (full 6):
 garbage-first heap   total 334848K, used 170477K [0x0000000080000000, 0x0000000100000000)
  region size 1024K, 72 young (73728K), 2 survivors (2048K)
 Metaspace       used 139422K, committed 140864K, reserved 1179648K
  class space    used 17199K, committed 17920K, reserved 1048576K
}
Event: 3303.657 GC heap after
{Heap after GC invocations=143 (full 7):
 garbage-first heap   total 334848K, used 98202K [0x0000000080000000, 0x0000000100000000)
  region size 1024K, 0 young (0K), 0 survivors (0K)
 Metaspace       used 139422K, committed 140864K, reserved 1179648K
  class space    used 17199K, committed 17920K, reserved 1048576K
}
Event: 3349.760 GC heap before
{Heap before GC invocations=143 (full 7):
 garbage-first heap   total 334848K, used 293786K [0x0000000080000000, 0x0000000100000000)
  region size 1024K, 191 young (195584K), 0 survivors (0K)
 Metaspace       used 139435K, committed 140864K, reserved 1179648K
  class space    used 17199K, committed 17920K, reserved 1048576K
}
Event: 3349.766 GC heap after
{Heap after GC invocations=144 (full 7):
 garbage-first heap   total 334848K, used 99209K [0x0000000080000000, 0x0000000100000000)
  region size 1024K, 1 young (1024K), 1 survivors (1024K)
 Metaspace       used 139435K, committed 140864K, reserved 1179648K
  class space    used 17199K, committed 17920K, reserved 1048576K
}
Event: 3365.226 GC heap before
{Heap before GC invocations=145 (full 7):
 garbage-first heap   total 334848K, used 293769K [0x0000000080000000, 0x0000000100000000)
  region size 1024K, 191 young (195584K), 1 survivors (1024K)
 Metaspace       used 139502K, committed 140928K, reserved 1179648K
  class space    used 17201K, committed 17920K, reserved 1048576K
}
Event: 3365.233 GC heap after
{Heap after GC invocations=146 (full 7):
 garbage-first heap   total 334848K, used 99468K [0x0000000080000000, 0x0000000100000000)
  region size 1024K, 2 young (2048K), 2 survivors (2048K)
 Metaspace       used 139502K, committed 140928K, reserved 1179648K
  class space    used 17201K, committed 17920K, reserved 1048576K
}
Event: 3487.173 GC heap before
{Heap before GC invocations=146 (full 7):
 garbage-first heap   total 334848K, used 234636K [0x0000000080000000, 0x0000000100000000)
  region size 1024K, 136 young (139264K), 2 survivors (2048K)
 Metaspace       used 139642K, committed 141056K, reserved 1179648K
  class space    used 17211K, committed 17920K, reserved 1048576K
}
Event: 3487.179 GC heap after
{Heap after GC invocations=147 (full 7):
 garbage-first heap   total 334848K, used 99785K [0x0000000080000000, 0x0000000100000000)
  region size 1024K, 2 young (2048K), 2 survivors (2048K)
 Metaspace       used 139642K, committed 141056K, reserved 1179648K
  class space    used 17211K, committed 17920K, reserved 1048576K
}
Event: 3498.111 GC heap before
{Heap before GC invocations=148 (full 7):
 garbage-first heap   total 334848K, used 293321K [0x0000000080000000, 0x0000000100000000)
  region size 1024K, 191 young (195584K), 2 survivors (2048K)
 Metaspace       used 140515K, committed 141824K, reserved 1179648K
  class space    used 17327K, committed 17920K, reserved 1048576K
}
Event: 3498.120 GC heap after
{Heap after GC invocations=149 (full 7):
 garbage-first heap   total 334848K, used 102943K [0x0000000080000000, 0x0000000100000000)
  region size 1024K, 4 young (4096K), 4 survivors (4096K)
 Metaspace       used 140515K, committed 141824K, reserved 1179648K
  class space    used 17327K, committed 17920K, reserved 1048576K
}
Event: 3643.880 GC heap before
{Heap before GC invocations=149 (full 7):
 garbage-first heap   total 334848K, used 290335K [0x0000000080000000, 0x0000000100000000)
  region size 1024K, 188 young (192512K), 4 survivors (4096K)
 Metaspace       used 140752K, committed 142144K, reserved 1179648K
  class space    used 17352K, committed 17984K, reserved 1048576K
}
Event: 3643.894 GC heap after
{Heap after GC invocations=150 (full 7):
 garbage-first heap   total 334848K, used 103823K [0x0000000080000000, 0x0000000100000000)
  region size 1024K, 5 young (5120K), 5 survivors (5120K)
 Metaspace       used 140752K, committed 142144K, reserved 1179648K
  class space    used 17352K, committed 17984K, reserved 1048576K
}

